<?xml version="1.0" encoding="UTF-8"?>
<!-- Generated by org.testng.reporters.JUnitXMLReporter -->
<testsuite hostname="Nayons-MBP-14.local" ignored="0" name="Test" tests="1" failures="0" timestamp="2022-10-01T19:38:12 PDT" time="0.062" errors="0">
  <testcase name="@BeforeMethod setUp" time="-1.66467829273E9" classname="basePackage.BaseClass">
    <failure type="org.testng.TestNGException" message="
Can inject only one of &amp;lt;ITestContext, XmlTest, Method, Object[], ITestResult&amp;gt; into a @BeforeMethod annotated setUp.
For more information on native dependency injection please refer to https://testng.org/doc/documentation-main.html#native-dependency-injection">
      <![CDATA[org.testng.TestNGException: 
Can inject only one of <ITestContext, XmlTest, Method, Object[], ITestResult> into a @BeforeMethod annotated setUp.
For more information on native dependency injection please refer to https://testng.org/doc/documentation-main.html#native-dependency-injection
at java.util.ArrayList.forEach(ArrayList.java:1259)
... Removed 28 stack frames]]>
    </failure>
  </testcase> <!-- @BeforeMethod setUp -->
  <testcase name="@AfterMethod closeDriver" time="-1.664678292747E9" classname="basePackage.BaseClass">
    <skipped/>
  </testcase> <!-- @AfterMethod closeDriver -->
  <testcase name="testSearchBox" time="0.0" classname="testPackage.SearchBoxtest">
    <skipped/>
  </testcase> <!-- testSearchBox -->
</testsuite> <!-- Test -->
